npm verbose cli /usr/bin/node /usr/bin/npm
npm info using npm@10.8.2
npm info using node@v20.19.5
npm verbose title npm install
npm verbose argv "install" "--loglevel" "verbose"
npm verbose logfile logs-max:10 dir:/home/ubuntu/.npm/_logs/2025-10-25T08_41_15_303Z-
npm verbose logfile /home/ubuntu/.npm/_logs/2025-10-25T08_41_15_303Z-debug-0.log
npm http fetch GET 200 https://registry.npmjs.org/@aws-sdk%2fclient-s3 169ms (cache revalidated)
npm http fetch GET 200 https://registry.npmjs.org/@capacitor%2fandroid 320ms (cache revalidated)
npm http fetch GET 200 https://registry.npmjs.org/@capacitor%2fcore 300ms (cache revalidated)
npm http fetch GET 200 https://registry.npmjs.org/@capacitor%2fcli 309ms (cache revalidated)
npm http fetch GET 200 https://registry.npmjs.org/dotenv 51ms (cache revalidated)
npm http fetch GET 200 https://registry.npmjs.org/react 85ms (cache revalidated)
npm http fetch GET 200 https://registry.npmjs.org/react-dom 102ms (cache revalidated)
npm http fetch GET 200 https://registry.npmjs.org/react-router-dom 58ms (cache revalidated)
npm http fetch GET 200 https://registry.npmjs.org/vite 313ms (cache revalidated)
npm http fetch GET 200 https://registry.npmjs.org/@types%2fnode 178ms (cache revalidated)
npm http fetch GET 200 https://registry.npmjs.org/jiti 83ms (cache revalidated)
npm http fetch GET 200 https://registry.npmjs.org/less 57ms (cache revalidated)
npm http fetch GET 200 https://registry.npmjs.org/lightningcss 48ms (cache revalidated)
npm http fetch GET 200 https://registry.npmjs.org/sass 40ms (cache revalidated)
npm http fetch GET 200 https://registry.npmjs.org/sass-embedded 43ms (cache revalidated)
npm http fetch GET 200 https://registry.npmjs.org/stylus 38ms (cache revalidated)
npm http fetch GET 200 https://registry.npmjs.org/sugarss 46ms (cache revalidated)
npm http fetch GET 200 https://registry.npmjs.org/postcss 36ms (cache revalidated)
npm http fetch GET 200 https://registry.npmjs.org/terser 47ms (cache revalidated)
npm http fetch GET 200 https://registry.npmjs.org/tsx 39ms (cache revalidated)
npm http fetch GET 200 https://registry.npmjs.org/yaml 38ms (cache revalidated)
npm http fetch GET 200 https://registry.npmjs.org/@aws-crypto%2fsha1-browser 313ms (cache revalidated)
npm http fetch GET 200 https://registry.npmjs.org/@aws-crypto%2fsha256-browser 304ms (cache revalidated)
npm http fetch GET 200 https://registry.npmjs.org/@aws-crypto%2fsha256-js 48ms (cache revalidated)
npm http fetch GET 200 https://registry.npmjs.org/@aws-sdk%2fcore 59ms (cache revalidated)
npm http fetch GET 200 https://registry.npmjs.org/@aws-sdk%2fcredential-provider-node 60ms (cache revalidated)
npm http fetch GET 200 https://registry.npmjs.org/@aws-sdk%2fmiddleware-bucket-endpoint 51ms (cache revalidated)
npm http fetch GET 200 https://registry.npmjs.org/@aws-sdk%2fmiddleware-expect-continue 56ms (cache revalidated)
npm http fetch GET 200 https://registry.npmjs.org/@aws-sdk%2fmiddleware-flexible-checksums 68ms (cache revalidated)
npm http fetch GET 200 https://registry.npmjs.org/@aws-sdk%2fmiddleware-host-header 57ms (cache revalidated)
npm http fetch GET 200 https://registry.npmjs.org/@aws-sdk%2fmiddleware-location-constraint 59ms (cache revalidated)
npm http fetch GET 200 https://registry.npmjs.org/@aws-sdk%2fmiddleware-logger 60ms (cache revalidated)
npm http fetch GET 200 https://registry.npmjs.org/@aws-sdk%2fmiddleware-recursion-detection 51ms (cache revalidated)
npm http fetch GET 200 https://registry.npmjs.org/@aws-sdk%2fmiddleware-sdk-s3 64ms (cache revalidated)
npm http fetch GET 200 https://registry.npmjs.org/@aws-sdk%2fmiddleware-ssec 96ms (cache revalidated)
npm http fetch GET 200 https://registry.npmjs.org/@aws-sdk%2fmiddleware-user-agent 55ms (cache revalidated)
npm http fetch GET 200 https://registry.npmjs.org/@aws-sdk%2fregion-config-resolver 53ms (cache revalidated)
npm http fetch GET 200 https://registry.npmjs.org/@aws-sdk%2fsignature-v4-multi-region 55ms (cache revalidated)
npm http fetch GET 200 https://registry.npmjs.org/@aws-sdk%2ftypes 57ms (cache revalidated)
npm http fetch GET 200 https://registry.npmjs.org/@aws-sdk%2futil-endpoints 264ms (cache revalidated)
npm http fetch GET 200 https://registry.npmjs.org/@aws-sdk%2futil-user-agent-browser 53ms (cache revalidated)
npm http fetch GET 200 https://registry.npmjs.org/@aws-sdk%2futil-user-agent-node 62ms (cache revalidated)
npm http fetch GET 200 https://registry.npmjs.org/@aws-sdk%2fxml-builder 113ms (cache revalidated)
npm http fetch GET 200 https://registry.npmjs.org/@smithy%2fconfig-resolver 52ms (cache revalidated)
npm http fetch GET 200 https://registry.npmjs.org/@smithy%2fcore 307ms (cache revalidated)
npm http fetch GET 200 https://registry.npmjs.org/@smithy%2feventstream-serde-browser 52ms (cache revalidated)
npm http fetch GET 200 https://registry.npmjs.org/@smithy%2feventstream-serde-config-resolver 48ms (cache revalidated)
npm http fetch GET 200 https://registry.npmjs.org/@smithy%2feventstream-serde-node 55ms (cache revalidated)
npm http fetch GET 200 https://registry.npmjs.org/@smithy%2ffetch-http-handler 269ms (cache revalidated)
npm http fetch GET 200 https://registry.npmjs.org/@smithy%2fhash-blob-browser 48ms (cache revalidated)
npm http fetch GET 200 https://registry.npmjs.org/@smithy%2fhash-node 48ms (cache revalidated)
npm http fetch GET 200 https://registry.npmjs.org/@smithy%2fhash-stream-node 44ms (cache revalidated)
npm http fetch GET 200 https://registry.npmjs.org/@smithy%2finvalid-dependency 51ms (cache revalidated)
npm http fetch GET 200 https://registry.npmjs.org/@smithy%2fmd5-js 49ms (cache revalidated)
npm http fetch GET 200 https://registry.npmjs.org/@smithy%2fmiddleware-content-length 52ms (cache revalidated)
npm http fetch GET 200 https://registry.npmjs.org/@smithy%2fmiddleware-endpoint 52ms (cache revalidated)
npm http fetch GET 200 https://registry.npmjs.org/@smithy%2fmiddleware-retry 57ms (cache revalidated)
npm http fetch GET 200 https://registry.npmjs.org/@smithy%2fmiddleware-serde 111ms (cache revalidated)
npm http fetch GET 200 https://registry.npmjs.org/@smithy%2fmiddleware-stack 52ms (cache revalidated)
npm http fetch GET 200 https://registry.npmjs.org/@smithy%2fnode-config-provider 49ms (cache revalidated)
npm http fetch GET 200 https://registry.npmjs.org/@smithy%2fnode-http-handler 50ms (cache revalidated)
npm http fetch GET 200 https://registry.npmjs.org/@smithy%2fprotocol-http 50ms (cache revalidated)
npm http fetch GET 200 https://registry.npmjs.org/@smithy%2fsmithy-client 258ms (cache revalidated)
npm http fetch GET 200 https://registry.npmjs.org/@smithy%2ftypes 230ms (cache revalidated)
npm http fetch GET 200 https://registry.npmjs.org/@smithy%2furl-parser 53ms (cache revalidated)
npm http fetch GET 200 https://registry.npmjs.org/@smithy%2futil-base64 49ms (cache revalidated)
npm http fetch GET 200 https://registry.npmjs.org/@smithy%2futil-body-length-browser 49ms (cache revalidated)
npm http fetch GET 200 https://registry.npmjs.org/@smithy%2futil-body-length-node 46ms (cache revalidated)
npm http fetch GET 200 https://registry.npmjs.org/@smithy%2futil-defaults-mode-browser 50ms (cache revalidated)
npm http fetch GET 200 https://registry.npmjs.org/@smithy%2futil-defaults-mode-node 48ms (cache revalidated)
npm http fetch GET 200 https://registry.npmjs.org/@smithy%2futil-endpoints 51ms (cache revalidated)
npm http fetch GET 200 https://registry.npmjs.org/@smithy%2futil-middleware 51ms (cache revalidated)
npm http fetch GET 200 https://registry.npmjs.org/@smithy%2futil-retry 51ms (cache revalidated)
npm http fetch GET 200 https://registry.npmjs.org/@smithy%2futil-stream 266ms (cache revalidated)
npm http fetch GET 200 https://registry.npmjs.org/@smithy%2futil-utf8 64ms (cache revalidated)
npm http fetch GET 200 https://registry.npmjs.org/@smithy%2futil-waiter 68ms (cache revalidated)
npm http fetch GET 200 https://registry.npmjs.org/@smithy%2fuuid 95ms (cache revalidated)
npm http fetch GET 200 https://registry.npmjs.org/tslib 31ms (cache revalidated)
npm http fetch GET 200 https://registry.npmjs.org/tar 38ms (cache revalidated)
npm http fetch GET 200 https://registry.npmjs.org/open 32ms (cache revalidated)
npm http fetch GET 200 https://registry.npmjs.org/debug 45ms (cache revalidated)
npm http fetch GET 200 https://registry.npmjs.org/kleur 36ms (cache revalidated)
npm http fetch GET 200 https://registry.npmjs.org/plist 41ms (cache revalidated)
npm http fetch GET 200 https://registry.npmjs.org/rimraf 33ms (cache revalidated)
npm http fetch GET 200 https://registry.npmjs.org/semver 39ms (cache revalidated)
npm http fetch GET 200 https://registry.npmjs.org/xml2js 34ms (cache revalidated)
npm http fetch GET 200 https://registry.npmjs.org/prompts 32ms (cache revalidated)
npm http fetch GET 200 https://registry.npmjs.org/fs-extra 34ms (cache revalidated)
npm http fetch GET 200 https://registry.npmjs.org/commander 40ms (cache revalidated)
npm http fetch GET 200 https://registry.npmjs.org/env-paths 32ms (cache revalidated)
npm http fetch GET 200 https://registry.npmjs.org/native-run 35ms (cache revalidated)
npm http fetch GET 200 https://registry.npmjs.org/@ionic%2futils-terminal 49ms (cache revalidated)
npm http fetch GET 200 https://registry.npmjs.org/@ionic%2futils-subprocess 262ms (cache revalidated)
npm http fetch GET 200 https://registry.npmjs.org/@ionic%2fcli-framework-output 52ms (cache revalidated)
npm http fetch GET 200 https://registry.npmjs.org/loose-envify 41ms (cache revalidated)
npm http fetch GET 200 https://registry.npmjs.org/scheduler 73ms (cache revalidated)
npm http fetch GET 200 https://registry.npmjs.org/react-router 97ms (cache revalidated)
npm http fetch GET 200 https://registry.npmjs.org/esbuild 488ms (cache revalidated)
npm http fetch GET 200 https://registry.npmjs.org/fdir 653ms (cache revalidated)
npm http fetch GET 200 https://registry.npmjs.org/picomatch 262ms (cache revalidated)
npm http fetch GET 200 https://registry.npmjs.org/rollup 524ms (cache revalidated)
